0 info it worked if it ends with ok
1 verbose cli [ '/usr/local/bin/node',
1 verbose cli   '/usr/local/bin/npm',
1 verbose cli   'run',
1 verbose cli   'start:develop:api' ]
2 info using npm@3.10.10
3 info using node@v6.9.5
4 verbose run-script [ 'prestart:develop:api',
4 verbose run-script   'start:develop:api',
4 verbose run-script   'poststart:develop:api' ]
5 info lifecycle boilerplate@1.0.0~prestart:develop:api: boilerplate@1.0.0
6 silly lifecycle boilerplate@1.0.0~prestart:develop:api: no script for prestart:develop:api, continuing
7 info lifecycle boilerplate@1.0.0~start:develop:api: boilerplate@1.0.0
8 verbose lifecycle boilerplate@1.0.0~start:develop:api: unsafe-perm in lifecycle true
9 verbose lifecycle boilerplate@1.0.0~start:develop:api: PATH: /usr/local/lib/node_modules/npm/bin/node-gyp-bin:/Users/florianmaxim/boilerplates/react/node_modules/.bin:/Library/Frameworks/Python.framework/Versions/3.5/bin:/usr/local/bin:/usr/bin:/bin:/usr/sbin:/sbin
10 verbose lifecycle boilerplate@1.0.0~start:develop:api: CWD: /Users/florianmaxim/boilerplates/react
11 silly lifecycle boilerplate@1.0.0~start:develop:api: Args: [ '-c',
11 silly lifecycle   'NODE_ENV=production node server.js --env.prod --hot --inline' ]
12 silly lifecycle boilerplate@1.0.0~start:develop:api: Returned: code: 1  signal: null
13 info lifecycle boilerplate@1.0.0~start:develop:api: Failed to exec start:develop:api script
14 verbose stack Error: boilerplate@1.0.0 start:develop:api: `NODE_ENV=production node server.js --env.prod --hot --inline`
14 verbose stack Exit status 1
14 verbose stack     at EventEmitter.<anonymous> (/usr/local/lib/node_modules/npm/lib/utils/lifecycle.js:255:16)
14 verbose stack     at emitTwo (events.js:106:13)
14 verbose stack     at EventEmitter.emit (events.js:191:7)
14 verbose stack     at ChildProcess.<anonymous> (/usr/local/lib/node_modules/npm/lib/utils/spawn.js:40:14)
14 verbose stack     at emitTwo (events.js:106:13)
14 verbose stack     at ChildProcess.emit (events.js:191:7)
14 verbose stack     at maybeClose (internal/child_process.js:877:16)
14 verbose stack     at Process.ChildProcess._handle.onexit (internal/child_process.js:226:5)
15 verbose pkgid boilerplate@1.0.0
16 verbose cwd /Users/florianmaxim/boilerplates/react
17 error Darwin 16.4.0
18 error argv "/usr/local/bin/node" "/usr/local/bin/npm" "run" "start:develop:api"
19 error node v6.9.5
20 error npm  v3.10.10
21 error code ELIFECYCLE
22 error boilerplate@1.0.0 start:develop:api: `NODE_ENV=production node server.js --env.prod --hot --inline`
22 error Exit status 1
23 error Failed at the boilerplate@1.0.0 start:develop:api script 'NODE_ENV=production node server.js --env.prod --hot --inline'.
23 error Make sure you have the latest version of node.js and npm installed.
23 error If you do, this is most likely a problem with the boilerplate package,
23 error not with npm itself.
23 error Tell the author that this fails on your system:
23 error     NODE_ENV=production node server.js --env.prod --hot --inline
23 error You can get information on how to open an issue for this project with:
23 error     npm bugs boilerplate
23 error Or if that isn't available, you can get their info via:
23 error     npm owner ls boilerplate
23 error There is likely additional logging output above.
24 verbose exit [ 1, true ]
